<?xml version="1.0" encoding="UTF-8"?>
<!-- Generated by org.testng.reporters.JUnitReportReporter -->
<testsuite hostname="LAPTOP-1I0UICJP" failures="0" tests="7" name="com.qa.Testcases.GETSingleUser" time="1.182" errors="0" timestamp="2021-10-21T05:25:11 PDT" skipped="0">
  <testcase classname="com.qa.Testcases.GETSingleUser" name="nonusertesting" time="0.527"/>
  <system-out/>
  <testcase classname="com.qa.Testcases.GETSingleUser" name="getuserdetails" time="0.007"/>
  <system-out/>
  <testcase classname="com.qa.Testcases.GETSingleUser" name="respphrasevalidation" time="0.001"/>
  <system-out/>
  <testcase classname="com.qa.Testcases.GETSingleUser" name="nonuserstatuscode" time="0.001"/>
  <system-out/>
  <testcase classname="com.qa.Testcases.GETSingleUser" name="getstatuscode" time="0.001"/>
  <system-out/>
  <testcase classname="com.qa.Testcases.GETSingleUser" name="getheader" time="0.008"/>
  <system-out/>
  <testcase classname="com.qa.Testcases.GETSingleUser" name="nonusertesting" time="0.637"/>
  <system-out/>
</testsuite> <!-- com.qa.Testcases.GETSingleUser -->
