<?xml version="1.0" encoding="UTF-8"?>
<!-- Generated by org.testng.reporters.JUnitReportReporter -->
<testsuite hostname="LAPTOP-1I0UICJP" failures="0" tests="2" name="com.qa.Testcases.POSTdatadriven2" time="1.486" errors="0" timestamp="2021-10-20T14:51:42 PDT" skipped="0">
  <testcase classname="com.qa.Testcases.POSTdatadriven2" name="POSTdatadriven2" time="1.031"/>
  <system-out/>
  <testcase classname="com.qa.Testcases.POSTdatadriven2" name="POSTdatadriven2" time="0.455"/>
  <system-out/>
</testsuite> <!-- com.qa.Testcases.POSTdatadriven2 -->
