<?xml version="1.0" encoding="UTF-8"?>
<!-- Generated by org.testng.reporters.JUnitReportReporter -->
<testsuite hostname="LAPTOP-1I0UICJP" failures="0" tests="1" name="com.qa.Testcases.GETSerialization" time="0.007" errors="0" timestamp="2021-10-20T09:47:12 PDT" skipped="0">
  <testcase classname="com.qa.Testcases.GETSerialization" name="getstatuscode" time="0.007"/>
  <system-out/>
</testsuite> <!-- com.qa.Testcases.GETSerialization -->
