<?xml version="1.0" encoding="UTF-8"?>
<!-- Generated by org.testng.reporters.JUnitReportReporter -->
<testsuite hostname="LAPTOP-1I0UICJP" failures="0" tests="1" name="com.qa.Testcases.PUT" time="0.001" errors="0" timestamp="2021-10-12T12:13:34 PDT" skipped="0">
  <testcase classname="com.qa.Testcases.PUT" name="getstatuscode" time="0.001"/>
  <system-out/>
</testsuite> <!-- com.qa.Testcases.PUT -->
