<?xml version="1.0" encoding="UTF-8"?>
<!-- Generated by org.testng.reporters.JUnitReportReporter -->
<testsuite hostname="LAPTOP-1I0UICJP" failures="0" tests="6" name="com.qa.Testcases.POST" time="0.013" errors="0" timestamp="2021-10-24T14:34:58 PDT" skipped="0">
  <testcase classname="com.qa.Testcases.POST" name="statuscodevalidation" time="0.001"/>
  <system-out/>
  <testcase classname="com.qa.Testcases.POST" name="headervalidation" time="0.001"/>
  <system-out/>
  <testcase classname="com.qa.Testcases.POST" name="reasonphrvalidation" time="0.001"/>
  <system-out/>
  <testcase classname="com.qa.Testcases.POST" name="getname" time="0.008"/>
  <system-out/>
  <testcase classname="com.qa.Testcases.POST" name="testingid" time="0.001"/>
  <system-out/>
  <testcase classname="com.qa.Testcases.POST" name="testingjob" time="0.001"/>
  <system-out/>
</testsuite> <!-- com.qa.Testcases.POST -->
