<?xml version="1.0" encoding="UTF-8"?>
<!-- Generated by org.testng.reporters.JUnitReportReporter -->
<testsuite hostname="LAPTOP-1I0UICJP" failures="0" tests="1" name="com.qa.Testcases.GETSerializationSingleUser" time="0.005" errors="0" timestamp="2021-10-20T10:56:03 PDT" skipped="0">
  <testcase classname="com.qa.Testcases.GETSerializationSingleUser" name="getstatuscode" time="0.005"/>
  <system-out/>
</testsuite> <!-- com.qa.Testcases.GETSerializationSingleUser -->
