<?xml version="1.0" encoding="UTF-8"?>
<!-- Generated by org.testng.reporters.JUnitReportReporter -->
<testsuite hostname="LAPTOP-1I0UICJP" failures="0" tests="1" name="com.qa.Testcases.GETSerializationOrders" time="0.006" errors="0" timestamp="2021-10-20T11:58:26 PDT" skipped="0">
  <testcase classname="com.qa.Testcases.GETSerializationOrders" name="getstatuscode" time="0.006"/>
  <system-out/>
</testsuite> <!-- com.qa.Testcases.GETSerializationOrders -->
