<?xml version="1.0" encoding="UTF-8"?>
<!-- Generated by org.testng.reporters.JUnitReportReporter -->
<testsuite hostname="LAPTOP-1I0UICJP" failures="0" tests="1" name="com.qa.Testcases.DELETE" time="0.007" errors="0" timestamp="2022-01-11T22:14:35 PST" skipped="0">
  <testcase classname="com.qa.Testcases.DELETE" name="getstatuscode" time="0.007"/>
  <system-out/>
</testsuite> <!-- com.qa.Testcases.DELETE -->
