<?xml version="1.0" encoding="UTF-8"?>
<!-- Generated by org.testng.reporters.JUnitReportReporter -->
<testsuite hostname="LAPTOP-1I0UICJP" failures="0" tests="1" name="com.qa.Testcases.GETSerializationSingleOrder" time="0.006" errors="0" timestamp="2021-10-20T12:01:30 PDT" skipped="0">
  <testcase classname="com.qa.Testcases.GETSerializationSingleOrder" name="getstatuscode" time="0.006"/>
  <system-out/>
</testsuite> <!-- com.qa.Testcases.GETSerializationSingleOrder -->
