<?xml version="1.0" encoding="UTF-8"?>
<!-- Generated by org.testng.reporters.JUnitReportReporter -->
<testsuite hostname="LAPTOP-1I0UICJP" failures="0" tests="7" name="com.qa.Testcases.GETSerializationListOfUsers" time="0.017" errors="0" timestamp="2021-10-20T13:28:24 PDT" skipped="0">
  <testcase classname="com.qa.Testcases.GETSerializationListOfUsers" name="datavalidation" time="0.003"/>
  <system-out/>
  <testcase classname="com.qa.Testcases.GETSerializationListOfUsers" name="datavalidation" time="0.001"/>
  <system-out/>
  <testcase classname="com.qa.Testcases.GETSerializationListOfUsers" name="datavalidation" time="0.002"/>
  <system-out/>
  <testcase classname="com.qa.Testcases.GETSerializationListOfUsers" name="datavalidation" time="0.001"/>
  <system-out/>
  <testcase classname="com.qa.Testcases.GETSerializationListOfUsers" name="getstatuscode" time="0.001"/>
  <system-out/>
  <testcase classname="com.qa.Testcases.GETSerializationListOfUsers" name="datavalidation" time="0.008"/>
  <system-out/>
  <testcase classname="com.qa.Testcases.GETSerializationListOfUsers" name="datavalidation" time="0.001"/>
  <system-out/>
</testsuite> <!-- com.qa.Testcases.GETSerializationListOfUsers -->
