<?xml version="1.0" encoding="UTF-8"?>
<!-- Generated by org.testng.reporters.JUnitReportReporter -->
<testsuite hostname="LAPTOP-1I0UICJP" failures="0" tests="3" name="com.qa.Testcases.POSTAPIAuthentication" time="0.008" errors="0" timestamp="2021-10-18T17:25:38 PDT" skipped="0">
  <testcase classname="com.qa.Testcases.POSTAPIAuthentication" name="reasonPhvalidation" time="0.001"/>
  <system-out/>
  <testcase classname="com.qa.Testcases.POSTAPIAuthentication" name="statuscodevalidation" time="0.001"/>
  <system-out/>
  <testcase classname="com.qa.Testcases.POSTAPIAuthentication" name="headervalidation" time="0.006"/>
  <system-out/>
</testsuite> <!-- com.qa.Testcases.POSTAPIAuthentication -->
